 2021/11/17 22:02:07 [error] [php] Trying to get property of non-object (F:\wamp64\www\hsreport\admin\views\cstuinfo\index.php:71)
Stack trace:
#0 F:\wamp64\www\hsreport\framework\web\CController.php(872): cstuinfoController->renderFile()
#1 F:\wamp64\www\hsreport\framework\web\CController.php(785): cstuinfoController->renderPartial()
#2 F:\wamp64\www\hsreport\admin\components\BaseController.php(34): cstuinfoController->render()
#3 F:\wamp64\www\hsreport\admin\controllers\cstuinfoController.php(39): cstuinfoController->_list()
#4 unknown(0): cstuinfoController->actionIndex()
#5 F:\wamp64\www\hsreport\framework\web\actions\CAction.php(109): ReflectionMethod->invokeArgs()
#6 F:\wamp64\www\hsreport\framework\web\actions\CInlineAction.php(47): CInlineAction->runWithParamsInternal()
#7 F:\wamp64\www\hsreport\framework\web\CController.php(308): CInlineAction->runWithParams()
#8 F:\wamp64\www\hsreport\framework\web\CController.php(286): cstuinfoController->runAction()
#9 F:\wamp64\www\hsreport\framework\web\CController.php(265): cstuinfoController->runActionWithFilters()
#10 F:\wamp64\www\hsreport\framework\web\CWebApplication.php(282): cstuinfoController->run()
#11 F:\wamp64\www\hsreport\framework\web\CWebApplication.php(141): CWebApplication->runController()
#12 F:\wamp64\www\hsreport\framework\base\CApplication.php(185): CWebApplication->processRequest()
#13 F:\wamp64\www\hsreport\index.php(35): CWebApplication->run()
REQUEST_URI=/hsreport/index.php?r=cstuinfo%2Findex&styear=2021-2022&sterm=%E4%B8%8A%E5%AD%A6%E6%9C%9F&scoursename=&scourseteacher=%E6%9B%BE%E9%94%A1%E5%B1%B1
2021/11/17 22:02:22 [error] [php] Trying to get property of non-object (F:\wamp64\www\hsreport\admin\views\cstuinfo\index.php:71)
Stack trace:
#0 F:\wamp64\www\hsreport\framework\web\CController.php(872): cstuinfoController->renderFile()
#1 F:\wamp64\www\hsreport\framework\web\CController.php(785): cstuinfoController->renderPartial()
#2 F:\wamp64\www\hsreport\admin\components\BaseController.php(34): cstuinfoController->render()
#3 F:\wamp64\www\hsreport\admin\controllers\cstuinfoController.php(39): cstuinfoController->_list()
#4 unknown(0): cstuinfoController->actionIndex()
#5 F:\wamp64\www\hsreport\framework\web\actions\CAction.php(109): ReflectionMethod->invokeArgs()
#6 F:\wamp64\www\hsreport\framework\web\actions\CInlineAction.php(47): CInlineAction->runWithParamsInternal()
#7 F:\wamp64\www\hsreport\framework\web\CController.php(308): CInlineAction->runWithParams()
#8 F:\wamp64\www\hsreport\framework\web\CController.php(286): cstuinfoController->runAction()
#9 F:\wamp64\www\hsreport\framework\web\CController.php(265): cstuinfoController->runActionWithFilters()
#10 F:\wamp64\www\hsreport\framework\web\CWebApplication.php(282): cstuinfoController->run()
#11 F:\wamp64\www\hsreport\framework\web\CWebApplication.php(141): CWebApplication->runController()
#12 F:\wamp64\www\hsreport\framework\base\CApplication.php(185): CWebApplication->processRequest()
#13 F:\wamp64\www\hsreport\index.php(35): CWebApplication->run()
REQUEST_URI=/hsreport/index.php?r=cstuinfo%2Findex&styear=&sterm=&scoursename=&scourseteacher=%E6%9B%BE%E9%94%A1%E5%B1%B1
2021/11/17 22:02:26 [error] [php] Trying to get property of non-object (F:\wamp64\www\hsreport\admin\views\cstuinfo\index.php:71)
Stack trace:
#0 F:\wamp64\www\hsreport\framework\web\CController.php(872): cstuinfoController->renderFile()
#1 F:\wamp64\www\hsreport\framework\web\CController.php(785): cstuinfoController->renderPartial()
#2 F:\wamp64\www\hsreport\admin\components\BaseController.php(34): cstuinfoController->render()
#3 F:\wamp64\www\hsreport\admin\controllers\cstuinfoController.php(39): cstuinfoController->_list()
#4 unknown(0): cstuinfoController->actionIndex()
#5 F:\wamp64\www\hsreport\framework\web\actions\CAction.php(109): ReflectionMethod->invokeArgs()
#6 F:\wamp64\www\hsreport\framework\web\actions\CInlineAction.php(47): CInlineAction->runWithParamsInternal()
#7 F:\wamp64\www\hsreport\framework\web\CController.php(308): CInlineAction->runWithParams()
#8 F:\wamp64\www\hsreport\framework\web\CController.php(286): cstuinfoController->runAction()
#9 F:\wamp64\www\hsreport\framework\web\CController.php(265): cstuinfoController->runActionWithFilters()
#10 F:\wamp64\www\hsreport\framework\web\CWebApplication.php(282): cstuinfoController->run()
#11 F:\wamp64\www\hsreport\framework\web\CWebApplication.php(141): CWebApplication->runController()
#12 F:\wamp64\www\hsreport\framework\base\CApplication.php(185): CWebApplication->processRequest()
#13 F:\wamp64\www\hsreport\index.php(35): CWebApplication->run()
REQUEST_URI=/hsreport/index.php?r=cstuinfo%2Findex&styear=2021-2022&sterm=%E4%B8%8A%E5%AD%A6%E6%9C%9F&scoursename=&scourseteacher=%E6%9B%BE%E9%94%A1%E5%B1%B1
2021/11/17 22:02:38 [error] [php] Trying to get property of non-object (F:\wamp64\www\hsreport\admin\views\cstuinfo\index.php:71)
Stack trace:
#0 F:\wamp64\www\hsreport\framework\web\CController.php(872): cstuinfoController->renderFile()
#1 F:\wamp64\www\hsreport\framework\web\CController.php(785): cstuinfoController->renderPartial()
#2 F:\wamp64\www\hsreport\admin\components\BaseController.php(34): cstuinfoController->render()
#3 F:\wamp64\www\hsreport\admin\controllers\cstuinfoController.php(39): cstuinfoController->_list()
#4 unknown(0): cstuinfoController->actionIndex()
#5 F:\wamp64\www\hsreport\framework\web\actions\CAction.php(109): ReflectionMethod->invokeArgs()
#6 F:\wamp64\www\hsreport\framework\web\actions\CInlineAction.php(47): CInlineAction->runWithParamsInternal()
#7 F:\wamp64\www\hsreport\framework\web\CController.php(308): CInlineAction->runWithParams()
#8 F:\wamp64\www\hsreport\framework\web\CController.php(286): cstuinfoController->runAction()
#9 F:\wamp64\www\hsreport\framework\web\CController.php(265): cstuinfoController->runActionWithFilters()
#10 F:\wamp64\www\hsreport\framework\web\CWebApplication.php(282): cstuinfoController->run()
#11 F:\wamp64\www\hsreport\framework\web\CWebApplication.php(141): CWebApplication->runController()
#12 F:\wamp64\www\hsreport\framework\base\CApplication.php(185): CWebApplication->processRequest()
#13 F:\wamp64\www\hsreport\index.php(35): CWebApplication->run()
REQUEST_URI=/hsreport/index.php?r=cstuinfo%2Findex&styear=&sterm=&scoursename=&scourseteacher=%E6%9B%BE%E9%94%A1%E5%B1%B1
2021/11/17 22:03:45 [error] [php] Trying to get property of non-object (F:\wamp64\www\hsreport\admin\views\cstuinfo\index.php:71)
Stack trace:
#0 F:\wamp64\www\hsreport\framework\web\CController.php(872): cstuinfoController->renderFile()
#1 F:\wamp64\www\hsreport\framework\web\CController.php(785): cstuinfoController->renderPartial()
#2 F:\wamp64\www\hsreport\admin\components\BaseController.php(34): cstuinfoController->render()
#3 F:\wamp64\www\hsreport\admin\controllers\cstuinfoController.php(39): cstuinfoController->_list()
#4 unknown(0): cstuinfoController->actionIndex()
#5 F:\wamp64\www\hsreport\framework\web\actions\CAction.php(109): ReflectionMethod->invokeArgs()
#6 F:\wamp64\www\hsreport\framework\web\actions\CInlineAction.php(47): CInlineAction->runWithParamsInternal()
#7 F:\wamp64\www\hsreport\framework\web\CController.php(308): CInlineAction->runWithParams()
#8 F:\wamp64\www\hsreport\framework\web\CController.php(286): cstuinfoController->runAction()
#9 F:\wamp64\www\hsreport\framework\web\CController.php(265): cstuinfoController->runActionWithFilters()
#10 F:\wamp64\www\hsreport\framework\web\CWebApplication.php(282): cstuinfoController->run()
#11 F:\wamp64\www\hsreport\framework\web\CWebApplication.php(141): CWebApplication->runController()
#12 F:\wamp64\www\hsreport\framework\base\CApplication.php(185): CWebApplication->processRequest()
#13 F:\wamp64\www\hsreport\index.php(35): CWebApplication->run()
REQUEST_URI=/hsreport/index.php?r=cstuinfo%2Findex&styear=2021-2022&sterm=%E4%B8%8A%E5%AD%A6%E6%9C%9F&scoursename=%E7%A6%BB%E6%95%A3%E6%95%B0%E5%AD%A6&scourseteacher=%E6%9B%BE%E9%94%A1%E5%B1%B1
2021/11/17 22:04:03 [error] [php] Trying to get property of non-object (F:\wamp64\www\hsreport\admin\views\cstuinfo\index.php:71)
Stack trace:
#0 F:\wamp64\www\hsreport\framework\web\CController.php(872): cstuinfoController->renderFile()
#1 F:\wamp64\www\hsreport\framework\web\CController.php(785): cstuinfoController->renderPartial()
#2 F:\wamp64\www\hsreport\admin\components\BaseController.php(34): cstuinfoController->render()
#3 F:\wamp64\www\hsreport\admin\controllers\cstuinfoController.php(39): cstuinfoController->_list()
#4 unknown(0): cstuinfoController->actionIndex()
#5 F:\wamp64\www\hsreport\framework\web\actions\CAction.php(109): ReflectionMethod->invokeArgs()
#6 F:\wamp64\www\hsreport\framework\web\actions\CInlineAction.php(47): CInlineAction->runWithParamsInternal()
#7 F:\wamp64\www\hsreport\framework\web\CController.php(308): CInlineAction->runWithParams()
#8 F:\wamp64\www\hsreport\framework\web\CController.php(286): cstuinfoController->runAction()
#9 F:\wamp64\www\hsreport\framework\web\CController.php(265): cstuinfoController->runActionWithFilters()
#10 F:\wamp64\www\hsreport\framework\web\CWebApplication.php(282): cstuinfoController->run()
#11 F:\wamp64\www\hsreport\framework\web\CWebApplication.php(141): CWebApplication->runController()
#12 F:\wamp64\www\hsreport\framework\base\CApplication.php(185): CWebApplication->processRequest()
#13 F:\wamp64\www\hsreport\index.php(35): CWebApplication->run()
REQUEST_URI=/hsreport/index.php?r=cstuinfo%2Findex&styear=&sterm=&scoursename=%E7%A6%BB%E6%95%A3%E6%95%B0%E5%AD%A6&scourseteacher=%E9%99%88%E5%AF%85
2021/11/17 22:04:10 [error] [php] Trying to get property of non-object (F:\wamp64\www\hsreport\admin\views\cstuinfo\index.php:71)
Stack trace:
#0 F:\wamp64\www\hsreport\framework\web\CController.php(872): cstuinfoController->renderFile()
#1 F:\wamp64\www\hsreport\framework\web\CController.php(785): cstuinfoController->renderPartial()
#2 F:\wamp64\www\hsreport\admin\components\BaseController.php(34): cstuinfoController->render()
#3 F:\wamp64\www\hsreport\admin\controllers\cstuinfoController.php(39): cstuinfoController->_list()
#4 unknown(0): cstuinfoController->actionIndex()
#5 F:\wamp64\www\hsreport\framework\web\actions\CAction.php(109): ReflectionMethod->invokeArgs()
#6 F:\wamp64\www\hsreport\framework\web\actions\CInlineAction.php(47): CInlineAction->runWithParamsInternal()
#7 F:\wamp64\www\hsreport\framework\web\CController.php(308): CInlineAction->runWithParams()
#8 F:\wamp64\www\hsreport\framework\web\CController.php(286): cstuinfoController->runAction()
#9 F:\wamp64\www\hsreport\framework\web\CController.php(265): cstuinfoController->runActionWithFilters()
#10 F:\wamp64\www\hsreport\framework\web\CWebApplication.php(282): cstuinfoController->run()
#11 F:\wamp64\www\hsreport\framework\web\CWebApplication.php(141): CWebApplication->runController()
#12 F:\wamp64\www\hsreport\framework\base\CApplication.php(185): CWebApplication->processRequest()
#13 F:\wamp64\www\hsreport\index.php(35): CWebApplication->run()
REQUEST_URI=/hsreport/index.php?r=cstuinfo%2Findex&styear=&sterm=&scoursename=%E7%A6%BB%E6%95%A3%E6%95%B0%E5%AD%A6&scourseteacher=%E9%99%88%E5%AF%85
2021/11/17 23:10:34 [error] [php] Object of class courseinfo could not be converted to string (F:\wamp64\www\hsreport\framework\db\schema\CDbColumnSchema.php:146)
Stack trace:
#0 F:\wamp64\www\hsreport\framework\db\ar\CActiveRecord.php(811): Test->insert()
#1 F:\wamp64\www\hsreport\include\functions.php(1197): Test->save()
#2 F:\wamp64\www\hsreport\admin\controllers\cstuinfoController.php(26): put_msg()
#3 unknown(0): cstuinfoController->actionIndex()
#4 F:\wamp64\www\hsreport\framework\web\actions\CAction.php(109): ReflectionMethod->invokeArgs()
#5 F:\wamp64\www\hsreport\framework\web\actions\CInlineAction.php(47): CInlineAction->runWithParamsInternal()
#6 F:\wamp64\www\hsreport\framework\web\CController.php(308): CInlineAction->runWithParams()
#7 F:\wamp64\www\hsreport\framework\web\CController.php(286): cstuinfoController->runAction()
#8 F:\wamp64\www\hsreport\framework\web\CController.php(265): cstuinfoController->runActionWithFilters()
#9 F:\wamp64\www\hsreport\framework\web\CWebApplication.php(282): cstuinfoController->run()
#10 F:\wamp64\www\hsreport\framework\web\CWebApplication.php(141): CWebApplication->runController()
#11 F:\wamp64\www\hsreport\framework\base\CApplication.php(185): CWebApplication->processRequest()
#12 F:\wamp64\www\hsreport\index.php(35): CWebApplication->run()
REQUEST_URI=/hsreport/index.php?r=cstuinfo/index
2021/11/17 23:15:03 [error] [php] Object of class courseinfo could not be converted to string (F:\wamp64\www\hsreport\framework\db\schema\CDbColumnSchema.php:146)
Stack trace:
#0 F:\wamp64\www\hsreport\framework\db\ar\CActiveRecord.php(811): Test->insert()
#1 F:\wamp64\www\hsreport\include\functions.php(1197): Test->save()
#2 F:\wamp64\www\hsreport\admin\controllers\cstuinfoController.php(26): put_msg()
#3 unknown(0): cstuinfoController->actionIndex()
#4 F:\wamp64\www\hsreport\framework\web\actions\CAction.php(109): ReflectionMethod->invokeArgs()
#5 F:\wamp64\www\hsreport\framework\web\actions\CInlineAction.php(47): CInlineAction->runWithParamsInternal()
#6 F:\wamp64\www\hsreport\framework\web\CController.php(308): CInlineAction->runWithParams()
#7 F:\wamp64\www\hsreport\framework\web\CController.php(286): cstuinfoController->runAction()
#8 F:\wamp64\www\hsreport\framework\web\CController.php(265): cstuinfoController->runActionWithFilters()
#9 F:\wamp64\www\hsreport\framework\web\CWebApplication.php(282): cstuinfoController->run()
#10 F:\wamp64\www\hsreport\framework\web\CWebApplication.php(141): CWebApplication->runController()
#11 F:\wamp64\www\hsreport\framework\base\CApplication.php(185): CWebApplication->processRequest()
#12 F:\wamp64\www\hsreport\index.php(35): CWebApplication->run()
REQUEST_URI=/hsreport/index.php?r=cstuinfo/index
2021/11/17 23:15:04 [error] [php] Object of class courseinfo could not be converted to string (F:\wamp64\www\hsreport\framework\db\schema\CDbColumnSchema.php:146)
Stack trace:
#0 F:\wamp64\www\hsreport\framework\db\ar\CActiveRecord.php(811): Test->insert()
#1 F:\wamp64\www\hsreport\include\functions.php(1197): Test->save()
#2 F:\wamp64\www\hsreport\admin\controllers\cstuinfoController.php(26): put_msg()
#3 unknown(0): cstuinfoController->actionIndex()
#4 F:\wamp64\www\hsreport\framework\web\actions\CAction.php(109): ReflectionMethod->invokeArgs()
#5 F:\wamp64\www\hsreport\framework\web\actions\CInlineAction.php(47): CInlineAction->runWithParamsInternal()
#6 F:\wamp64\www\hsreport\framework\web\CController.php(308): CInlineAction->runWithParams()
#7 F:\wamp64\www\hsreport\framework\web\CController.php(286): cstuinfoController->runAction()
#8 F:\wamp64\www\hsreport\framework\web\CController.php(265): cstuinfoController->runActionWithFilters()
#9 F:\wamp64\www\hsreport\framework\web\CWebApplication.php(282): cstuinfoController->run()
#10 F:\wamp64\www\hsreport\framework\web\CWebApplication.php(141): CWebApplication->runController()
#11 F:\wamp64\www\hsreport\framework\base\CApplication.php(185): CWebApplication->processRequest()
#12 F:\wamp64\www\hsreport\index.php(35): CWebApplication->run()
REQUEST_URI=/hsreport/index.php?r=cstuinfo/index
2021/11/17 23:15:04 [error] [php] Object of class courseinfo could not be converted to string (F:\wamp64\www\hsreport\framework\db\schema\CDbColumnSchema.php:146)
Stack trace:
#0 F:\wamp64\www\hsreport\framework\db\ar\CActiveRecord.php(811): Test->insert()
#1 F:\wamp64\www\hsreport\include\functions.php(1197): Test->save()
#2 F:\wamp64\www\hsreport\admin\controllers\cstuinfoController.php(26): put_msg()
#3 unknown(0): cstuinfoController->actionIndex()
#4 F:\wamp64\www\hsreport\framework\web\actions\CAction.php(109): ReflectionMethod->invokeArgs()
#5 F:\wamp64\www\hsreport\framework\web\actions\CInlineAction.php(47): CInlineAction->runWithParamsInternal()
#6 F:\wamp64\www\hsreport\framework\web\CController.php(308): CInlineAction->runWithParams()
#7 F:\wamp64\www\hsreport\framework\web\CController.php(286): cstuinfoController->runAction()
#8 F:\wamp64\www\hsreport\framework\web\CController.php(265): cstuinfoController->runActionWithFilters()
#9 F:\wamp64\www\hsreport\framework\web\CWebApplication.php(282): cstuinfoController->run()
#10 F:\wamp64\www\hsreport\framework\web\CWebApplication.php(141): CWebApplication->runController()
#11 F:\wamp64\www\hsreport\framework\base\CApplication.php(185): CWebApplication->processRequest()
#12 F:\wamp64\www\hsreport\index.php(35): CWebApplication->run()
REQUEST_URI=/hsreport/index.php?r=cstuinfo/index
2021/11/18 14:40:50 [error] [php] Undefined variable: cnt (F:\wamp64\www\hsreport\admin\views\Projectcommit\index.php:45)
Stack trace:
#0 F:\wamp64\www\hsreport\framework\web\CController.php(872): ProjectcommitController->renderFile()
#1 F:\wamp64\www\hsreport\framework\web\CController.php(785): ProjectcommitController->renderPartial()
#2 F:\wamp64\www\hsreport\admin\components\BaseController.php(34): ProjectcommitController->render()
#3 F:\wamp64\www\hsreport\admin\controllers\ProjectcommitController.php(25): ProjectcommitController->_list()
#4 unknown(0): ProjectcommitController->actionIndex()
#5 F:\wamp64\www\hsreport\framework\web\actions\CAction.php(109): ReflectionMethod->invokeArgs()
#6 F:\wamp64\www\hsreport\framework\web\actions\CInlineAction.php(47): CInlineAction->runWithParamsInternal()
#7 F:\wamp64\www\hsreport\framework\web\CController.php(308): CInlineAction->runWithParams()
#8 F:\wamp64\www\hsreport\framework\web\CController.php(286): ProjectcommitController->runAction()
#9 F:\wamp64\www\hsreport\framework\web\CController.php(265): ProjectcommitController->runActionWithFilters()
#10 F:\wamp64\www\hsreport\framework\web\CWebApplication.php(282): ProjectcommitController->run()
#11 F:\wamp64\www\hsreport\framework\web\CWebApplication.php(141): CWebApplication->runController()
#12 F:\wamp64\www\hsreport\framework\base\CApplication.php(185): CWebApplication->processRequest()
#13 F:\wamp64\www\hsreport\index.php(35): CWebApplication->run()
REQUEST_URI=/hsreport/index.php?r=Projectcommit/index
2021/11/18 14:40:51 [error] [php] Undefined variable: cnt (F:\wamp64\www\hsreport\admin\views\Projectcommit\index.php:45)
Stack trace:
#0 F:\wamp64\www\hsreport\framework\web\CController.php(872): ProjectcommitController->renderFile()
#1 F:\wamp64\www\hsreport\framework\web\CController.php(785): ProjectcommitController->renderPartial()
#2 F:\wamp64\www\hsreport\admin\components\BaseController.php(34): ProjectcommitController->render()
#3 F:\wamp64\www\hsreport\admin\controllers\ProjectcommitController.php(25): ProjectcommitController->_list()
#4 unknown(0): ProjectcommitController->actionIndex()
#5 F:\wamp64\www\hsreport\framework\web\actions\CAction.php(109): ReflectionMethod->invokeArgs()
#6 F:\wamp64\www\hsreport\framework\web\actions\CInlineAction.php(47): CInlineAction->runWithParamsInternal()
#7 F:\wamp64\www\hsreport\framework\web\CController.php(308): CInlineAction->runWithParams()
#8 F:\wamp64\www\hsreport\framework\web\CController.php(286): ProjectcommitController->runAction()
#9 F:\wamp64\www\hsreport\framework\web\CController.php(265): ProjectcommitController->runActionWithFilters()
#10 F:\wamp64\www\hsreport\framework\web\CWebApplication.php(282): ProjectcommitController->run()
#11 F:\wamp64\www\hsreport\framework\web\CWebApplication.php(141): CWebApplication->runController()
#12 F:\wamp64\www\hsreport\framework\base\CApplication.php(185): CWebApplication->processRequest()
#13 F:\wamp64\www\hsreport\index.php(35): CWebApplication->run()
REQUEST_URI=/hsreport/index.php?r=Projectcommit/index
2021/11/18 14:48:17 [error] [exception.PHPExcel_Reader_Exception] exception 'PHPExcel_Reader_Exception' with message 'Could not open D:/wamp64/www/hsreport/uploads/temp/2021/11/18/1_6195f647bce668.45522663.xlsx for reading! File does not exist.' in F:\wamp64\www\hsreport\admin\extensions\PHPExcel\PHPExcel\Reader\Excel2007.php:348
Stack trace:
#0 F:\wamp64\www\hsreport\admin\controllers\ProjectcommitController.php(114): PHPExcel_Reader_Excel2007->load('D:/wamp64/www/h...')
#1 F:\wamp64\www\hsreport\admin\controllers\ProjectcommitController.php(79): ProjectcommitController->open('D:/wamp64/www/h...')
#2 F:\wamp64\www\hsreport\admin\controllers\ProjectcommitController.php(44): ProjectcommitController->saveData(Object(Projectcommit), Array)
#3 F:\wamp64\www\hsreport\framework\web\actions\CInlineAction.php(49): ProjectcommitController->actionCreate()
#4 F:\wamp64\www\hsreport\framework\web\CController.php(308): CInlineAction->runWithParams(Array)
#5 F:\wamp64\www\hsreport\framework\web\CController.php(286): CController->runAction(Object(CInlineAction))
#6 F:\wamp64\www\hsreport\framework\web\CController.php(265): CController->runActionWithFilters(Object(CInlineAction), Array)
#7 F:\wamp64\www\hsreport\framework\web\CWebApplication.php(282): CController->run('create')
#8 F:\wamp64\www\hsreport\framework\web\CWebApplication.php(141): CWebApplication->runController('projectcommit/c...')
#9 F:\wamp64\www\hsreport\framework\base\CApplication.php(185): CWebApplication->processRequest()
#10 F:\wamp64\www\hsreport\index.php(35): CApplication->run()
#11 {main}
REQUEST_URI=/hsreport/index.php?r=projectcommit/create
HTTP_REFERER=http://127.0.0.1/hsreport/index.php?r=projectcommit/create
---
2021/11/18 14:50:46 [error] [exception.PHPExcel_Reader_Exception] exception 'PHPExcel_Reader_Exception' with message 'Could not open D:/wamp64/www/hsreport/uploads/temp/2021/11/18/1_6195f7c4e8fb16.83762359.xlsx for reading! File does not exist.' in F:\wamp64\www\hsreport\admin\extensions\PHPExcel\PHPExcel\Reader\Excel2007.php:348
Stack trace:
#0 F:\wamp64\www\hsreport\admin\controllers\ProjectcommitController.php(114): PHPExcel_Reader_Excel2007->load('D:/wamp64/www/h...')
#1 F:\wamp64\www\hsreport\admin\controllers\ProjectcommitController.php(79): ProjectcommitController->open('D:/wamp64/www/h...')
#2 F:\wamp64\www\hsreport\admin\controllers\ProjectcommitController.php(44): ProjectcommitController->saveData(Object(Projectcommit), Array)
#3 F:\wamp64\www\hsreport\framework\web\actions\CInlineAction.php(49): ProjectcommitController->actionCreate()
#4 F:\wamp64\www\hsreport\framework\web\CController.php(308): CInlineAction->runWithParams(Array)
#5 F:\wamp64\www\hsreport\framework\web\CController.php(286): CController->runAction(Object(CInlineAction))
#6 F:\wamp64\www\hsreport\framework\web\CController.php(265): CController->runActionWithFilters(Object(CInlineAction), Array)
#7 F:\wamp64\www\hsreport\framework\web\CWebApplication.php(282): CController->run('create')
#8 F:\wamp64\www\hsreport\framework\web\CWebApplication.php(141): CWebApplication->runController('projectcommit/c...')
#9 F:\wamp64\www\hsreport\framework\base\CApplication.php(185): CWebApplication->processRequest()
#10 F:\wamp64\www\hsreport\index.php(35): CApplication->run()
#11 {main}
REQUEST_URI=/hsreport/index.php?r=projectcommit/create
HTTP_REFERER=http://127.0.0.1/hsreport/index.php?r=projectcommit/create
---
2021/11/18 14:51:54 [error] [exception.PHPExcel_Reader_Exception] exception 'PHPExcel_Reader_Exception' with message 'Could not open D:/wamp64/www/hsreport/uploads/temp/2021/11/18/1_6195f809ec51a5.10736108.xlsx for reading! File does not exist.' in F:\wamp64\www\hsreport\admin\extensions\PHPExcel\PHPExcel\Reader\Excel2007.php:348
Stack trace:
#0 F:\wamp64\www\hsreport\admin\controllers\ProjectcommitController.php(114): PHPExcel_Reader_Excel2007->load('D:/wamp64/www/h...')
#1 F:\wamp64\www\hsreport\admin\controllers\ProjectcommitController.php(79): ProjectcommitController->open('D:/wamp64/www/h...')
#2 F:\wamp64\www\hsreport\admin\controllers\ProjectcommitController.php(44): ProjectcommitController->saveData(Object(Projectcommit), Array)
#3 F:\wamp64\www\hsreport\framework\web\actions\CInlineAction.php(49): ProjectcommitController->actionCreate()
#4 F:\wamp64\www\hsreport\framework\web\CController.php(308): CInlineAction->runWithParams(Array)
#5 F:\wamp64\www\hsreport\framework\web\CController.php(286): CController->runAction(Object(CInlineAction))
#6 F:\wamp64\www\hsreport\framework\web\CController.php(265): CController->runActionWithFilters(Object(CInlineAction), Array)
#7 F:\wamp64\www\hsreport\framework\web\CWebApplication.php(282): CController->run('create')
#8 F:\wamp64\www\hsreport\framework\web\CWebApplication.php(141): CWebApplication->runController('projectcommit/c...')
#9 F:\wamp64\www\hsreport\framework\base\CApplication.php(185): CWebApplication->processRequest()
#10 F:\wamp64\www\hsreport\index.php(35): CApplication->run()
#11 {main}
REQUEST_URI=/hsreport/index.php?r=projectcommit/create
HTTP_REFERER=http://127.0.0.1/hsreport/index.php?r=projectcommit/create
---
2021/11/18 14:52:28 [error] [exception.PHPExcel_Reader_Exception] exception 'PHPExcel_Reader_Exception' with message 'Could not open D:/wamp64/www/hsreport/uploads/temp/2021/11/18/1_6195f82b94e530.36103119.xlsx for reading! File does not exist.' in F:\wamp64\www\hsreport\admin\extensions\PHPExcel\PHPExcel\Reader\Excel2007.php:348
Stack trace:
#0 F:\wamp64\www\hsreport\admin\controllers\ProjectcommitController.php(115): PHPExcel_Reader_Excel2007->load('D:/wamp64/www/h...')
#1 F:\wamp64\www\hsreport\admin\controllers\ProjectcommitController.php(79): ProjectcommitController->open('D:/wamp64/www/h...')
#2 F:\wamp64\www\hsreport\admin\controllers\ProjectcommitController.php(44): ProjectcommitController->saveData(Object(Projectcommit), Array)
#3 F:\wamp64\www\hsreport\framework\web\actions\CInlineAction.php(49): ProjectcommitController->actionCreate()
#4 F:\wamp64\www\hsreport\framework\web\CController.php(308): CInlineAction->runWithParams(Array)
#5 F:\wamp64\www\hsreport\framework\web\CController.php(286): CController->runAction(Object(CInlineAction))
#6 F:\wamp64\www\hsreport\framework\web\CController.php(265): CController->runActionWithFilters(Object(CInlineAction), Array)
#7 F:\wamp64\www\hsreport\framework\web\CWebApplication.php(282): CController->run('create')
#8 F:\wamp64\www\hsreport\framework\web\CWebApplication.php(141): CWebApplication->runController('projectcommit/c...')
#9 F:\wamp64\www\hsreport\framework\base\CApplication.php(185): CWebApplication->processRequest()
#10 F:\wamp64\www\hsreport\index.php(35): CApplication->run()
#11 {main}
REQUEST_URI=/hsreport/index.php?r=projectcommit/create
HTTP_REFERER=http://127.0.0.1/hsreport/index.php?r=projectcommit/create
---
2021/11/18 14:53:02 [error] [system.db.CDbCommand] CDbCommand::execute() failed: SQLSTATE[HY000]: General error: 1364 Field 'id' doesn't have a default value. The SQL statement executed was: INSERT INTO `Projectcommit` (`coursename`, `coursescore`, `courseteacher`, `coursestunum`, `courseclass`, `courseyear`, `coursetype`, `courseleader`, `courseterm`) VALUES (:yp0, :yp1, :yp2, :yp3, :yp4, :yp5, :yp6, :yp7, :yp8).
2021/11/18 14:53:02 [error] [exception.CDbException] exception 'CDbException' with message 'CDbCommand 无法执行 SQL 语句: SQLSTATE[HY000]: General error: 1364 Field 'id' doesn't have a default value' in F:\wamp64\www\hsreport\framework\db\CDbCommand.php:358
Stack trace:
#0 F:\wamp64\www\hsreport\framework\db\ar\CActiveRecord.php(1083): CDbCommand->execute()
#1 F:\wamp64\www\hsreport\framework\db\ar\CActiveRecord.php(811): CActiveRecord->insert(NULL)
#2 F:\wamp64\www\hsreport\admin\controllers\ProjectcommitController.php(140): CActiveRecord->save()
#3 F:\wamp64\www\hsreport\admin\controllers\ProjectcommitController.php(79): ProjectcommitController->open('F:/wamp64/www/h...')
#4 F:\wamp64\www\hsreport\admin\controllers\ProjectcommitController.php(44): ProjectcommitController->saveData(Object(Projectcommit), Array)
#5 F:\wamp64\www\hsreport\framework\web\actions\CInlineAction.php(49): ProjectcommitController->actionCreate()
#6 F:\wamp64\www\hsreport\framework\web\CController.php(308): CInlineAction->runWithParams(Array)
#7 F:\wamp64\www\hsreport\framework\web\CController.php(286): CController->runAction(Object(CInlineAction))
#8 F:\wamp64\www\hsreport\framework\web\CController.php(265): CController->runActionWithFilters(Object(CInlineAction), Array)
#9 F:\wamp64\www\hsreport\framework\web\CWebApplication.php(282): CController->run('create')
#10 F:\wamp64\www\hsreport\framework\web\CWebApplication.php(141): CWebApplication->runController('projectcommit/c...')
#11 F:\wamp64\www\hsreport\framework\base\CApplication.php(185): CWebApplication->processRequest()
#12 F:\wamp64\www\hsreport\index.php(35): CApplication->run()
#13 {main}
REQUEST_URI=/hsreport/index.php?r=projectcommit/create
HTTP_REFERER=http://127.0.0.1/hsreport/index.php?r=projectcommit/create
---
2021/11/18 14:54:39 [error] [system.db.CDbCommand] CDbCommand::execute() failed: SQLSTATE[HY000]: General error: 1364 Field 'id' doesn't have a default value. The SQL statement executed was: INSERT INTO `Projectcommit` (`coursename`, `coursescore`, `courseteacher`, `coursestunum`, `courseclass`, `courseyear`, `coursetype`, `courseleader`, `courseterm`) VALUES (:yp0, :yp1, :yp2, :yp3, :yp4, :yp5, :yp6, :yp7, :yp8).
2021/11/18 14:54:39 [error] [exception.CDbException] exception 'CDbException' with message 'CDbCommand 无法执行 SQL 语句: SQLSTATE[HY000]: General error: 1364 Field 'id' doesn't have a default value' in F:\wamp64\www\hsreport\framework\db\CDbCommand.php:358
Stack trace:
#0 F:\wamp64\www\hsreport\framework\db\ar\CActiveRecord.php(1083): CDbCommand->execute()
#1 F:\wamp64\www\hsreport\framework\db\ar\CActiveRecord.php(811): CActiveRecord->insert(NULL)
#2 F:\wamp64\www\hsreport\admin\controllers\ProjectcommitController.php(142): CActiveRecord->save()
#3 F:\wamp64\www\hsreport\admin\controllers\ProjectcommitController.php(79): ProjectcommitController->open('F:/wamp64/www/h...')
#4 F:\wamp64\www\hsreport\admin\controllers\ProjectcommitController.php(44): ProjectcommitController->saveData(Object(Projectcommit), Array)
#5 F:\wamp64\www\hsreport\framework\web\actions\CInlineAction.php(49): ProjectcommitController->actionCreate()
#6 F:\wamp64\www\hsreport\framework\web\CController.php(308): CInlineAction->runWithParams(Array)
#7 F:\wamp64\www\hsreport\framework\web\CController.php(286): CController->runAction(Object(CInlineAction))
#8 F:\wamp64\www\hsreport\framework\web\CController.php(265): CController->runActionWithFilters(Object(CInlineAction), Array)
#9 F:\wamp64\www\hsreport\framework\web\CWebApplication.php(282): CController->run('create')
#10 F:\wamp64\www\hsreport\framework\web\CWebApplication.php(141): CWebApplication->runController('projectcommit/c...')
#11 F:\wamp64\www\hsreport\framework\base\CApplication.php(185): CWebApplication->processRequest()
#12 F:\wamp64\www\hsreport\index.php(35): CApplication->run()
#13 {main}
REQUEST_URI=/hsreport/index.php?r=projectcommit/create
HTTP_REFERER=http://127.0.0.1/hsreport/index.php?r=projectcommit/create
---
2021/11/18 14:58:06 [error] [system.db.CDbCommand] CDbCommand::execute() failed: SQLSTATE[HY000]: General error: 1364 Field 'id' doesn't have a default value. The SQL statement executed was: INSERT INTO `Projectcommit` (`coursename`, `coursescore`, `courseteacher`, `coursestunum`, `courseclass`, `courseyear`, `coursetype`, `courseleader`, `courseterm`) VALUES (:yp0, :yp1, :yp2, :yp3, :yp4, :yp5, :yp6, :yp7, :yp8).
2021/11/18 14:58:06 [error] [exception.CDbException] exception 'CDbException' with message 'CDbCommand 无法执行 SQL 语句: SQLSTATE[HY000]: General error: 1364 Field 'id' doesn't have a default value' in F:\wamp64\www\hsreport\framework\db\CDbCommand.php:358
Stack trace:
#0 F:\wamp64\www\hsreport\framework\db\ar\CActiveRecord.php(1083): CDbCommand->execute()
#1 F:\wamp64\www\hsreport\framework\db\ar\CActiveRecord.php(811): CActiveRecord->insert(NULL)
#2 F:\wamp64\www\hsreport\admin\controllers\ProjectcommitController.php(143): CActiveRecord->save()
#3 F:\wamp64\www\hsreport\admin\controllers\ProjectcommitController.php(79): ProjectcommitController->open('F:/wamp64/www/h...')
#4 F:\wamp64\www\hsreport\admin\controllers\ProjectcommitController.php(44): ProjectcommitController->saveData(Object(Projectcommit), Array)
#5 F:\wamp64\www\hsreport\framework\web\actions\CInlineAction.php(49): ProjectcommitController->actionCreate()
#6 F:\wamp64\www\hsreport\framework\web\CController.php(308): CInlineAction->runWithParams(Array)
#7 F:\wamp64\www\hsreport\framework\web\CController.php(286): CController->runAction(Object(CInlineAction))
#8 F:\wamp64\www\hsreport\framework\web\CController.php(265): CController->runActionWithFilters(Object(CInlineAction), Array)
#9 F:\wamp64\www\hsreport\framework\web\CWebApplication.php(282): CController->run('create')
#10 F:\wamp64\www\hsreport\framework\web\CWebApplication.php(141): CWebApplication->runController('projectcommit/c...')
#11 F:\wamp64\www\hsreport\framework\base\CApplication.php(185): CWebApplication->processRequest()
#12 F:\wamp64\www\hsreport\index.php(35): CApplication->run()
#13 {main}
REQUEST_URI=/hsreport/index.php?r=projectcommit/create
HTTP_REFERER=http://127.0.0.1/hsreport/index.php?r=projectcommit/create
---
2021/11/18 14:59:41 [error] [system.db.CDbCommand] CDbCommand::execute() failed: SQLSTATE[HY000]: General error: 1364 Field 'id' doesn't have a default value. The SQL statement executed was: INSERT INTO `Projectcommit` (`coursename`, `coursescore`, `courseteacher`, `coursestunum`, `courseclass`, `courseyear`, `coursetype`, `courseleader`, `courseterm`) VALUES (:yp0, :yp1, :yp2, :yp3, :yp4, :yp5, :yp6, :yp7, :yp8).
2021/11/18 14:59:41 [error] [exception.CDbException] exception 'CDbException' with message 'CDbCommand 无法执行 SQL 语句: SQLSTATE[HY000]: General error: 1364 Field 'id' doesn't have a default value' in F:\wamp64\www\hsreport\framework\db\CDbCommand.php:358
Stack trace:
#0 F:\wamp64\www\hsreport\framework\db\ar\CActiveRecord.php(1083): CDbCommand->execute()
#1 F:\wamp64\www\hsreport\framework\db\ar\CActiveRecord.php(811): CActiveRecord->insert(NULL)
#2 F:\wamp64\www\hsreport\admin\controllers\ProjectcommitController.php(143): CActiveRecord->save()
#3 F:\wamp64\www\hsreport\admin\controllers\ProjectcommitController.php(79): ProjectcommitController->open('F:/wamp64/www/h...')
#4 F:\wamp64\www\hsreport\admin\controllers\ProjectcommitController.php(44): ProjectcommitController->saveData(Object(Projectcommit), Array)
#5 F:\wamp64\www\hsreport\framework\web\actions\CInlineAction.php(49): ProjectcommitController->actionCreate()
#6 F:\wamp64\www\hsreport\framework\web\CController.php(308): CInlineAction->runWithParams(Array)
#7 F:\wamp64\www\hsreport\framework\web\CController.php(286): CController->runAction(Object(CInlineAction))
#8 F:\wamp64\www\hsreport\framework\web\CController.php(265): CController->runActionWithFilters(Object(CInlineAction), Array)
#9 F:\wamp64\www\hsreport\framework\web\CWebApplication.php(282): CController->run('create')
#10 F:\wamp64\www\hsreport\framework\web\CWebApplication.php(141): CWebApplication->runController('projectcommit/c...')
#11 F:\wamp64\www\hsreport\framework\base\CApplication.php(185): CWebApplication->processRequest()
#12 F:\wamp64\www\hsreport\index.php(35): CApplication->run()
#13 {main}
REQUEST_URI=/hsreport/index.php?r=projectcommit/create
HTTP_REFERER=http://127.0.0.1/hsreport/index.php?r=projectcommit/create
---
